app/build/intermediates/manifest_merge_blame_file/debug/manifest-merger-blame-debug-report.txt
1<?xml version="1.0" encoding="utf-8"?>
2<manifest xmlns:android="http://schemas.android.com/apk/res/android"
3    package="com.example.dialastocktaker"
4    android:versionCode="1"
5    android:versionName="1.0" >
6
7    <uses-sdk
8        android:minSdkVersion="26"
9        android:targetSdkVersion="34" />
10
11    <permission
11-->[androidx.core:core:1.12.0] AndroidManifest.xml:22:5-24:47
12        android:name="com.example.dialastocktaker.DYNAMIC_RECEIVER_NOT_EXPORTED_PERMISSION"
12-->[androidx.core:core:1.12.0] AndroidManifest.xml:23:9-81
13        android:protectionLevel="signature" />
13-->[androidx.core:core:1.12.0] AndroidManifest.xml:24:9-44
14
15    <uses-permission android:name="com.example.dialastocktaker.DYNAMIC_RECEIVER_NOT_EXPORTED_PERMISSION" />
15-->[androidx.core:core:1.12.0] AndroidManifest.xml:26:5-97
15-->[androidx.core:core:1.12.0] AndroidManifest.xml:26:22-94
16
17    <application
17-->src\main\AndroidManifest.xml:5:5-60:19
18        android:allowBackup="true"
18-->src\main\AndroidManifest.xml:6:9-35
19        android:appComponentFactory="androidx.core.app.CoreComponentFactory"
19-->[androidx.core:core:1.12.0] AndroidManifest.xml:28:18-86
20        android:dataExtractionRules="@xml/data_extraction_rules"
20-->src\main\AndroidManifest.xml:7:9-65
21        android:debuggable="true"
22        android:extractNativeLibs="false"
23        android:fullBackupContent="@xml/backup_rules"
23-->src\main\AndroidManifest.xml:8:9-54
24        android:icon="@drawable/ic_logo"
24-->src\main\AndroidManifest.xml:9:9-41
25        android:label="@string/app_name"
25-->src\main\AndroidManifest.xml:10:9-41
26        android:roundIcon="@drawable/ic_logo"
26-->src\main\AndroidManifest.xml:11:9-46
27        android:supportsRtl="true"
27-->src\main\AndroidManifest.xml:12:9-35
28        android:testOnly="true"
29        android:theme="@style/Theme.DialAStocktaker" >
29-->src\main\AndroidManifest.xml:13:9-53
30        <activity
30-->src\main\AndroidManifest.xml:15:9-23:20
31            android:name="com.example.dialastocktaker.MainActivity"
31-->src\main\AndroidManifest.xml:16:13-41
32            android:exported="true"
32-->src\main\AndroidManifest.xml:17:13-36
33            android:theme="@style/Theme.DialAStocktaker.NoActionBar" >
33-->src\main\AndroidManifest.xml:18:13-69
34            <intent-filter>
34-->src\main\AndroidManifest.xml:19:13-22:29
35                <action android:name="android.intent.action.MAIN" />
35-->src\main\AndroidManifest.xml:20:17-69
35-->src\main\AndroidManifest.xml:20:25-66
36
37                <category android:name="android.intent.category.LAUNCHER" />
37-->src\main\AndroidManifest.xml:21:17-77
37-->src\main\AndroidManifest.xml:21:27-74
38            </intent-filter>
39        </activity>
40        <activity
40-->src\main\AndroidManifest.xml:24:9-27:72
41            android:name="com.example.dialastocktaker.ui.auth.LoginActivity"
41-->src\main\AndroidManifest.xml:25:13-50
42            android:exported="false"
42-->src\main\AndroidManifest.xml:26:13-37
43            android:theme="@style/Theme.DialAStocktaker.NoActionBar" />
43-->src\main\AndroidManifest.xml:27:13-69
44        <activity
44-->src\main\AndroidManifest.xml:28:9-31:72
45            android:name="com.example.dialastocktaker.ui.auth.RegisterActivity"
45-->src\main\AndroidManifest.xml:29:13-53
46            android:exported="false"
46-->src\main\AndroidManifest.xml:30:13-37
47            android:theme="@style/Theme.DialAStocktaker.NoActionBar" />
47-->src\main\AndroidManifest.xml:31:13-69
48        <activity
48-->src\main\AndroidManifest.xml:32:9-35:72
49            android:name="com.example.dialastocktaker.ui.dashboard.AdminDashboardActivity"
49-->src\main\AndroidManifest.xml:33:13-64
50            android:exported="false"
50-->src\main\AndroidManifest.xml:34:13-37
51            android:theme="@style/Theme.DialAStocktaker.NoActionBar" />
51-->src\main\AndroidManifest.xml:35:13-69
52        <activity
52-->src\main\AndroidManifest.xml:36:9-39:71
53            android:name="com.example.dialastocktaker.ui.dashboard.ManagerDashboardActivity"
53-->src\main\AndroidManifest.xml:37:13-66
54            android:exported="false"
54-->src\main\AndroidManifest.xml:38:13-37
55            android:theme="@style/Theme.DialAStocktaker.NoActionBar" />
55-->src\main\AndroidManifest.xml:39:13-69
56        <activity
56-->src\main\AndroidManifest.xml:40:9-43:71
57            android:name="com.example.dialastocktaker.ui.dashboard.CoordinatorDashboardActivity"
57-->src\main\AndroidManifest.xml:41:13-70
58            android:exported="false"
58-->src\main\AndroidManifest.xml:42:13-37
59            android:theme="@style/Theme.DialAStocktaker.NoActionBar" />
59-->src\main\AndroidManifest.xml:43:13-69
60        <activity
60-->src\main\AndroidManifest.xml:44:9-47:71
61            android:name="com.example.dialastocktaker.ui.dashboard.ScannerDashboardActivity"
61-->src\main\AndroidManifest.xml:45:13-66
62            android:exported="false"
62-->src\main\AndroidManifest.xml:46:13-37
63            android:theme="@style/Theme.DialAStocktaker.NoActionBar" />
63-->src\main\AndroidManifest.xml:47:13-69
64        <activity
64-->src\main\AndroidManifest.xml:48:9-51:71
65            android:name="com.example.dialastocktaker.ui.dashboard.StocktakerDashboardActivity"
65-->src\main\AndroidManifest.xml:49:13-69
66            android:exported="false"
66-->src\main\AndroidManifest.xml:50:13-37
67            android:theme="@style/Theme.DialAStocktaker.NoActionBar" />
67-->src\main\AndroidManifest.xml:51:13-69
68        <activity
68-->src\main\AndroidManifest.xml:52:9-55:71
69            android:name="com.example.dialastocktaker.ui.dashboard.GroupLeaderDashboardActivity"
69-->src\main\AndroidManifest.xml:53:13-70
70            android:exported="false"
70-->src\main\AndroidManifest.xml:54:13-37
71            android:theme="@style/Theme.DialAStocktaker.NoActionBar" />
71-->src\main\AndroidManifest.xml:55:13-69
72        <activity
72-->src\main\AndroidManifest.xml:56:9-59:71
73            android:name="com.example.dialastocktaker.ui.dashboard.ClientDashboardActivity"
73-->src\main\AndroidManifest.xml:57:13-65
74            android:exported="false"
74-->src\main\AndroidManifest.xml:58:13-37
75            android:theme="@style/Theme.DialAStocktaker.NoActionBar" />
75-->src\main\AndroidManifest.xml:59:13-69
76
77        <provider
77-->[androidx.emoji2:emoji2:1.2.0] AndroidManifest.xml:24:9-32:20
78            android:name="androidx.startup.InitializationProvider"
78-->[androidx.emoji2:emoji2:1.2.0] AndroidManifest.xml:25:13-67
79            android:authorities="com.example.dialastocktaker.androidx-startup"
79-->[androidx.emoji2:emoji2:1.2.0] AndroidManifest.xml:26:13-68
80            android:exported="false" >
80-->[androidx.emoji2:emoji2:1.2.0] AndroidManifest.xml:27:13-37
81            <meta-data
81-->[androidx.emoji2:emoji2:1.2.0] AndroidManifest.xml:29:13-31:52
82                android:name="androidx.emoji2.text.EmojiCompatInitializer"
82-->[androidx.emoji2:emoji2:1.2.0] AndroidManifest.xml:30:17-75
83                android:value="androidx.startup" />
83-->[androidx.emoji2:emoji2:1.2.0] AndroidManifest.xml:31:17-49
84            <meta-data
84-->[androidx.lifecycle:lifecycle-process:2.7.0] AndroidManifest.xml:29:13-31:52
85                android:name="androidx.lifecycle.ProcessLifecycleInitializer"
85-->[androidx.lifecycle:lifecycle-process:2.7.0] AndroidManifest.xml:30:17-78
86                android:value="androidx.startup" />
86-->[androidx.lifecycle:lifecycle-process:2.7.0] AndroidManifest.xml:31:17-49
87            <meta-data
87-->[androidx.profileinstaller:profileinstaller:1.3.0] AndroidManifest.xml:29:13-31:52
88                android:name="androidx.profileinstaller.ProfileInstallerInitializer"
88-->[androidx.profileinstaller:profileinstaller:1.3.0] AndroidManifest.xml:30:17-85
89                android:value="androidx.startup" />
89-->[androidx.profileinstaller:profileinstaller:1.3.0] AndroidManifest.xml:31:17-49
90        </provider>
91
92        <uses-library
92-->[androidx.window:window:1.0.0] AndroidManifest.xml:25:9-27:40
93            android:name="androidx.window.extensions"
93-->[androidx.window:window:1.0.0] AndroidManifest.xml:26:13-54
94            android:required="false" />
94-->[androidx.window:window:1.0.0] AndroidManifest.xml:27:13-37
95        <uses-library
95-->[androidx.window:window:1.0.0] AndroidManifest.xml:28:9-30:40
96            android:name="androidx.window.sidecar"
96-->[androidx.window:window:1.0.0] AndroidManifest.xml:29:13-51
97            android:required="false" />
97-->[androidx.window:window:1.0.0] AndroidManifest.xml:30:13-37
98
99        <service
99-->[androidx.room:room-runtime:2.6.1] AndroidManifest.xml:24:9-28:63
100            android:name="androidx.room.MultiInstanceInvalidationService"
100-->[androidx.room:room-runtime:2.6.1] AndroidManifest.xml:25:13-74
101            android:directBootAware="true"
101-->[androidx.room:room-runtime:2.6.1] AndroidManifest.xml:26:13-43
102            android:exported="false" />
102-->[androidx.room:room-runtime:2.6.1] AndroidManifest.xml:27:13-37
103
104        <receiver
104-->[androidx.profileinstaller:profileinstaller:1.3.0] AndroidManifest.xml:34:9-52:20
105            android:name="androidx.profileinstaller.ProfileInstallReceiver"
105-->[androidx.profileinstaller:profileinstaller:1.3.0] AndroidManifest.xml:35:13-76
106            android:directBootAware="false"
106-->[androidx.profileinstaller:profileinstaller:1.3.0] AndroidManifest.xml:36:13-44
107            android:enabled="true"
107-->[androidx.profileinstaller:profileinstaller:1.3.0] AndroidManifest.xml:37:13-35
108            android:exported="true"
108-->[androidx.profileinstaller:profileinstaller:1.3.0] AndroidManifest.xml:38:13-36
109            android:permission="android.permission.DUMP" >
109-->[androidx.profileinstaller:profileinstaller:1.3.0] AndroidManifest.xml:39:13-57
110            <intent-filter>
110-->[androidx.profileinstaller:profileinstaller:1.3.0] AndroidManifest.xml:40:13-42:29
111                <action android:name="androidx.profileinstaller.action.INSTALL_PROFILE" />
111-->[androidx.profileinstaller:profileinstaller:1.3.0] AndroidManifest.xml:41:17-91
111-->[androidx.profileinstaller:profileinstaller:1.3.0] AndroidManifest.xml:41:25-88
112            </intent-filter>
113            <intent-filter>
113-->[androidx.profileinstaller:profileinstaller:1.3.0] AndroidManifest.xml:43:13-45:29
114                <action android:name="androidx.profileinstaller.action.SKIP_FILE" />
114-->[androidx.profileinstaller:profileinstaller:1.3.0] AndroidManifest.xml:44:17-85
114-->[androidx.profileinstaller:profileinstaller:1.3.0] AndroidManifest.xml:44:25-82
115            </intent-filter>
116            <intent-filter>
116-->[androidx.profileinstaller:profileinstaller:1.3.0] AndroidManifest.xml:46:13-48:29
117                <action android:name="androidx.profileinstaller.action.SAVE_PROFILE" />
117-->[androidx.profileinstaller:profileinstaller:1.3.0] AndroidManifest.xml:47:17-88
117-->[androidx.profileinstaller:profileinstaller:1.3.0] AndroidManifest.xml:47:25-85
118            </intent-filter>
119            <intent-filter>
119-->[androidx.profileinstaller:profileinstaller:1.3.0] AndroidManifest.xml:49:13-51:29
120                <action android:name="androidx.profileinstaller.action.BENCHMARK_OPERATION" />
120-->[androidx.profileinstaller:profileinstaller:1.3.0] AndroidManifest.xml:50:17-95
120-->[androidx.profileinstaller:profileinstaller:1.3.0] AndroidManifest.xml:50:25-92
121            </intent-filter>
122        </receiver>
123    </application>
124
125</manifest>